<?xml version="1.0" encoding="UTF-8"?>
<!-- Generated by org.testng.reporters.JUnitReportReporter -->
<testsuite skipped="3" hostname="Ram-PC" name="com.qtpselenium.rediff.stocksuite.AddDelStockTest" tests="3" failures="0" timestamp="10 Oct 2018 06:59:47 GMT" time="0.399" errors="0">
  <testcase name="addStockTest" time="0.313" classname="com.qtpselenium.rediff.stocksuite.AddDelStockTest">
    <skipped/>
  </testcase> <!-- addStockTest -->
  <testcase name="addStockTest" time="0.086" classname="com.qtpselenium.rediff.stocksuite.AddDelStockTest">
    <skipped/>
  </testcase> <!-- addStockTest -->
  <testcase name="deleteStockTest" time="0.000" classname="com.qtpselenium.rediff.stocksuite.AddDelStockTest">
    <skipped/>
  </testcase> <!-- deleteStockTest -->
</testsuite> <!-- com.qtpselenium.rediff.stocksuite.AddDelStockTest -->
