<?xml version="1.0" encoding="UTF-8"?>
<!-- Generated by org.testng.reporters.JUnitReportReporter -->
<testsuite skipped="4" hostname="Ram-PC" name="com.qtpselenium.rediff.portfoliosuite.PortFolioTest" tests="4" failures="0" timestamp="10 Oct 2018 06:59:47 GMT" time="1.263" errors="0">
  <testcase name="createPortFolioTest" time="0.287" classname="com.qtpselenium.rediff.portfoliosuite.PortFolioTest">
    <skipped/>
  </testcase> <!-- createPortFolioTest -->
  <testcase name="createPortFolioTest" time="0.204" classname="com.qtpselenium.rediff.portfoliosuite.PortFolioTest">
    <skipped/>
  </testcase> <!-- createPortFolioTest -->
  <testcase name="createPortFolioTest" time="0.772" classname="com.qtpselenium.rediff.portfoliosuite.PortFolioTest">
    <skipped/>
  </testcase> <!-- createPortFolioTest -->
  <testcase name="deletePortFolioTest" time="0.000" classname="com.qtpselenium.rediff.portfoliosuite.PortFolioTest">
    <skipped/>
  </testcase> <!-- deletePortFolioTest -->
</testsuite> <!-- com.qtpselenium.rediff.portfoliosuite.PortFolioTest -->
