<?xml version="1.0" encoding="UTF-8"?>
<!-- Generated by org.testng.reporters.JUnitReportReporter -->
<testsuite skipped="2" hostname="Ram-PC" name="com.qtpselenium.rediff.portfoliosuite.LoginTest" tests="2" failures="0" timestamp="10 Oct 2018 06:59:47 GMT" time="1.117" errors="0">
  <testcase name="loginTest" time="1.006" classname="com.qtpselenium.rediff.portfoliosuite.LoginTest">
    <skipped/>
  </testcase> <!-- loginTest -->
  <testcase name="loginTest" time="0.111" classname="com.qtpselenium.rediff.portfoliosuite.LoginTest">
    <skipped/>
  </testcase> <!-- loginTest -->
</testsuite> <!-- com.qtpselenium.rediff.portfoliosuite.LoginTest -->
